#################################################################
# If you used AutoDock Vina in your work, please cite:          #
#                                                               #
# O. Trott, A. J. Olson,                                        #
# AutoDock Vina: improving the speed and accuracy of docking    #
# with a new scoring function, efficient optimization and       #
# multithreading, Journal of Computational Chemistry 31 (2010)  #
# 455-461                                                       #
#                                                               #
# DOI 10.1002/jcc.21334                                         #
#                                                               #
# Please see http://vina.scripps.edu for more information.      #
#################################################################

WARNING: The search space volume > 27000 Angstrom^3 (See FAQ)
Output will be 14_2813558_out.pdbqt
Detected 24 CPUs
WARNING: at low exhaustiveness, it may be impossible to utilize all CPUs
Reading input ... done.
Setting up the scoring function ... done.
Analyzing the binding site ... done.
Using random seed: -812279036
Performing search ... done.
Refining results ... done.

mode |   affinity | dist from best mode
     | (kcal/mol) | rmsd l.b.| rmsd u.b.
-----+------------+----------+----------
   1         -6.8      0.000      0.000
   2         -6.6     16.854     18.579
   3         -6.6      6.618      7.696
   4         -6.5      5.007      5.653
   5         -6.4      5.133      5.804
   6         -6.3      5.999      6.879
   7         -6.1      2.591      8.121
   8         -5.8      6.276      7.146
   9         -5.6      5.378      6.266
  10         -5.6     15.908     18.463
Writing output ... done.
